00:00:00.000183 main     VirtualBox XPCOM Server 7.0.14 r161095 linux.amd64 (Jan 19 2024 13:54:29) release log
00:00:00.000185 main     Log opened 2024-02-10T10:51:50.264295000Z
00:00:00.000185 main     Build Type: release
00:00:00.000187 main     OS Product: Linux
00:00:00.000189 main     OS Release: 6.7.4-arch1-1
00:00:00.000190 main     OS Version: #1 SMP PREEMPT_DYNAMIC Mon, 05 Feb 2024 22:07:49 +0000
00:00:00.000209 main     DMI Product Name: HP EliteBook x360 1030 G3
00:00:00.000218 main     DMI Product Version: 
00:00:00.000222 main     Firmware type: UEFI
00:00:00.000970 main     Secure Boot: Disabled
00:00:00.001005 main     Host RAM: 15841MB (15.4GB) total, 15370MB (15.0GB) available
00:00:00.001008 main     Executable: /usr/lib/virtualbox/VBoxSVC
00:00:00.001008 main     Process ID: 27859
00:00:00.001009 main     Package type: LINUX_64BITS_GENERIC (OSE)
00:00:00.002440 main     IPC socket path: /tmp/.vbox-tf-ipc/ipcd
00:00:00.109381 nspr-2   VirtualBox: object creation starts
00:00:00.109601 nspr-2   Home directory: '/home/tf/.config/VirtualBox'
00:00:00.109914 nspr-2   Loading settings file "/home/tf/.config/VirtualBox/VirtualBox.xml" with version "1.12-linux"
00:00:00.132264 nspr-2   NetIfAdpCtlOut: VBoxNetAdpCtl: Error while retrieving link speed for wlp108s0: VBoxNetAdpCtl: ioctl failed: Operation not supported
00:00:00.134202 nspr-2   HostDnsMonitor: initializing
00:00:00.134541 nspr-2   NAT: resolv.conf: nameserver 192.168.1.254
00:00:00.134549 nspr-2   NAT: resolv.conf: nameserver 2400:1a00:0:32::165
00:00:00.134552 nspr-2   NAT: resolv.conf: nameserver 2400:1a00:8000:4::73
00:00:00.134564 nspr-2   HostDnsMonitor: updating information
00:00:00.134575 nspr-2   HostDnsMonitor: old information
00:00:00.134577 nspr-2     no server entries
00:00:00.134579 nspr-2     no domain set
00:00:00.134580 nspr-2     no search string entries
00:00:00.134582 nspr-2   HostDnsMonitor: new information
00:00:00.134583 nspr-2     server 1: 192.168.1.254
00:00:00.134586 nspr-2     server 2: 2400:1a00:0:32::165
00:00:00.134587 nspr-2     server 3: 2400:1a00:8000:4::73
00:00:00.134589 nspr-2     domain: worldlink.com.np
00:00:00.134591 nspr-2     search string 1: worldlink.com.np
00:00:00.136292 nspr-2   VD: VDInit finished with VINF_SUCCESS
00:00:00.136363 nspr-2   ERROR [COM]: aRC=NS_ERROR_FAILURE (0x80004005) aIID={aac6c7cb-a371-4c58-ab51-0616896b2f2c} aComponent={SystemPropertiesWrap} aText={Cannot determine default Guest Additions ISO location. Most likely they are not available}, preserve=false aResultDetail=0
00:00:00.137037 nspr-2   Loading settings file "/home/tf/VirtualBox VMs/gentoo/gentoo.vbox" with version "1.19-linux"
00:00:00.137632 nspr-2   VirtualBox: object created
00:00:00.678033 nspr-4   WARNING [COM]: aRC=NS_ERROR_FAILURE (0x80004005) aIID={e54f6256-97a7-4947-8a78-10c013ddf4b8} aComponent={HostWrap} aText={VirtualBox is not currently allowed to access USB devices.  You can change this by adding your user to the 'vboxusers' group.  Please see the user manual for a more detailed explanation}, preserve=true aResultDetail=0
00:00:00.679317 nspr-2   WARNING [COM]: aRC=NS_ERROR_FAILURE (0x80004005) aIID={e54f6256-97a7-4947-8a78-10c013ddf4b8} aComponent={HostWrap} aText={VirtualBox is not currently allowed to access USB devices.  You can change this by adding your user to the 'vboxusers' group.  Please see the user manual for a more detailed explanation}, preserve=false aResultDetail=0
00:00:00.713667 nspr-2   ERROR [COM]: aRC=VBOX_E_INVALID_VM_STATE (0x80bb0002) aIID={300763af-5d6b-46e6-aa96-273eac15538a} aComponent={MachineWrap} aText={The machine is not mutable (state is PoweredOff)}, preserve=false aResultDetail=0
00:00:00.851161 nspr-3   WARNING [COM]: aRC=NS_ERROR_FAILURE (0x80004005) aIID={e54f6256-97a7-4947-8a78-10c013ddf4b8} aComponent={HostWrap} aText={VirtualBox is not currently allowed to access USB devices.  You can change this by adding your user to the 'vboxusers' group.  Please see the user manual for a more detailed explanation}, preserve=true aResultDetail=0
00:00:00.852270 nspr-2   WARNING [COM]: aRC=NS_ERROR_FAILURE (0x80004005) aIID={e54f6256-97a7-4947-8a78-10c013ddf4b8} aComponent={HostWrap} aText={VirtualBox is not currently allowed to access USB devices.  You can change this by adding your user to the 'vboxusers' group.  Please see the user manual for a more detailed explanation}, preserve=true aResultDetail=0
00:00:00.998136 nspr-3   Saving settings file "/home/tf/.config/VirtualBox/VirtualBox.xml" with version "1.12-linux"
00:00:01.012398 nspr-3   Finished saving settings file "/home/tf/.config/VirtualBox/VirtualBox.xml"
00:00:02.726187 nspr-4   Launched VM: 2617251648 pid: 27892 (0x6cf4) frontend: GUI/Qt name: gentoo
00:00:02.778432 nspr-2   ERROR [COM]: aRC=VBOX_E_INVALID_VM_STATE (0x80bb0002) aIID={300763af-5d6b-46e6-aa96-273eac15538a} aComponent={MachineWrap} aText={The machine is not mutable (state is PoweredOff)}, preserve=false aResultDetail=0
00:00:02.808319 nspr-2   WARNING [COM]: aRC=NS_ERROR_FAILURE (0x80004005) aIID={e54f6256-97a7-4947-8a78-10c013ddf4b8} aComponent={HostWrap} aText={VirtualBox is not currently allowed to access USB devices.  You can change this by adding your user to the 'vboxusers' group.  Please see the user manual for a more detailed explanation}, preserve=true aResultDetail=0
00:00:02.809352 nspr-2   WARNING [COM]: aRC=NS_ERROR_FAILURE (0x80004005) aIID={e54f6256-97a7-4947-8a78-10c013ddf4b8} aComponent={HostWrap} aText={VirtualBox is not currently allowed to access USB devices.  You can change this by adding your user to the 'vboxusers' group.  Please see the user manual for a more detailed explanation}, preserve=true aResultDetail=0
00:00:03.013777 nspr-5   ERROR [COM]: aRC=VBOX_E_INVALID_VM_STATE (0x80bb0002) aIID={300763af-5d6b-46e6-aa96-273eac15538a} aComponent={MachineWrap} aText={The machine is not mutable (state is PoweredOff)}, preserve=false aResultDetail=0
00:00:03.031421 nspr-5   WARNING [COM]: aRC=NS_ERROR_FAILURE (0x80004005) aIID={e54f6256-97a7-4947-8a78-10c013ddf4b8} aComponent={HostWrap} aText={VirtualBox is not currently allowed to access USB devices.  You can change this by adding your user to the 'vboxusers' group.  Please see the user manual for a more detailed explanation}, preserve=true aResultDetail=0
00:00:03.032485 nspr-5   WARNING [COM]: aRC=NS_ERROR_FAILURE (0x80004005) aIID={e54f6256-97a7-4947-8a78-10c013ddf4b8} aComponent={HostWrap} aText={VirtualBox is not currently allowed to access USB devices.  You can change this by adding your user to the 'vboxusers' group.  Please see the user manual for a more detailed explanation}, preserve=true aResultDetail=0
00:00:03.196111 nspr-6   Saving settings file "/home/tf/.config/VirtualBox/VirtualBox.xml" with version "1.12-linux"
00:00:03.210209 nspr-6   Finished saving settings file "/home/tf/.config/VirtualBox/VirtualBox.xml"
00:00:03.532694 nspr-8   WARNING [COM]: aRC=NS_ERROR_FAILURE (0x80004005) aIID={e54f6256-97a7-4947-8a78-10c013ddf4b8} aComponent={HostWrap} aText={VirtualBox is not currently allowed to access USB devices.  You can change this by adding your user to the 'vboxusers' group.  Please see the user manual for a more detailed explanation}, preserve=true aResultDetail=0
00:00:03.533459 nspr-7   WARNING [COM]: aRC=NS_ERROR_FAILURE (0x80004005) aIID={e54f6256-97a7-4947-8a78-10c013ddf4b8} aComponent={HostWrap} aText={VirtualBox is not currently allowed to access USB devices.  You can change this by adding your user to the 'vboxusers' group.  Please see the user manual for a more detailed explanation}, preserve=true aResultDetail=0
00:00:03.533725 nspr-8   ERROR [COM]: aRC=VBOX_E_OBJECT_NOT_FOUND (0x80bb0001) aIID={70401eef-c8e9-466b-9660-45cb3e9979e4} aComponent={ExtPackManagerWrap} aText={No extension pack by the name 'Oracle VM VirtualBox Extension Pack' was found}, preserve=false aResultDetail=0
00:00:03.896956 nspr-6   Saving settings file "/home/tf/.config/VirtualBox/VirtualBox.xml" with version "1.12-linux"
00:00:03.912394 nspr-6   Finished saving settings file "/home/tf/.config/VirtualBox/VirtualBox.xml"
00:00:08.077352 nspr-2   ERROR [COM]: aRC=VBOX_E_IPRT_ERROR (0x80bb0005) aIID={300763af-5d6b-46e6-aa96-273eac15538a} aComponent={SessionMachine} aText={Saved screenshot data is not available (VERR_NOT_SUPPORTED)}, preserve=false aResultDetail=-37
00:00:08.100763 nspr-2   NetIfAdpCtlOut: VBoxNetAdpCtl: Error while retrieving link speed for wlp108s0: VBoxNetAdpCtl: ioctl failed: Operation not supported
00:00:08.105069 nspr-2   WARNING [COM]: aRC=NS_ERROR_FAILURE (0x80004005) aIID={e54f6256-97a7-4947-8a78-10c013ddf4b8} aComponent={HostWrap} aText={VirtualBox is not currently allowed to access USB devices.  You can change this by adding your user to the 'vboxusers' group.  Please see the user manual for a more detailed explanation}, preserve=false aResultDetail=0
00:00:08.105802 nspr-4   WARNING [COM]: aRC=NS_ERROR_FAILURE (0x80004005) aIID={e54f6256-97a7-4947-8a78-10c013ddf4b8} aComponent={HostWrap} aText={VirtualBox is not currently allowed to access USB devices.  You can change this by adding your user to the 'vboxusers' group.  Please see the user manual for a more detailed explanation}, preserve=true aResultDetail=0
00:00:08.105981 nspr-2   WARNING [COM]: aRC=NS_ERROR_FAILURE (0x80004005) aIID={e54f6256-97a7-4947-8a78-10c013ddf4b8} aComponent={HostWrap} aText={VirtualBox is not currently allowed to access USB devices.  You can change this by adding your user to the 'vboxusers' group.  Please see the user manual for a more detailed explanation}, preserve=true aResultDetail=0
00:00:08.141301 nspr-4   WARNING [COM]: aRC=NS_ERROR_FAILURE (0x80004005) aIID={e54f6256-97a7-4947-8a78-10c013ddf4b8} aComponent={HostWrap} aText={VirtualBox is not currently allowed to access USB devices.  You can change this by adding your user to the 'vboxusers' group.  Please see the user manual for a more detailed explanation}, preserve=true aResultDetail=0
00:00:08.158792 nspr-4   WARNING [COM]: aRC=NS_ERROR_FAILURE (0x80004005) aIID={e54f6256-97a7-4947-8a78-10c013ddf4b8} aComponent={HostWrap} aText={VirtualBox is not currently allowed to access USB devices.  You can change this by adding your user to the 'vboxusers' group.  Please see the user manual for a more detailed explanation}, preserve=true aResultDetail=0
00:00:08.161259 nspr-4   ERROR [COM]: aRC=VBOX_E_INVALID_VM_STATE (0x80bb0002) aIID={300763af-5d6b-46e6-aa96-273eac15538a} aComponent={MachineWrap} aText={The machine is not mutable (state is Starting)}, preserve=false aResultDetail=0
00:00:08.222985 nspr-4   WARNING [COM]: aRC=NS_ERROR_FAILURE (0x80004005) aIID={e54f6256-97a7-4947-8a78-10c013ddf4b8} aComponent={HostWrap} aText={VirtualBox is not currently allowed to access USB devices.  You can change this by adding your user to the 'vboxusers' group.  Please see the user manual for a more detailed explanation}, preserve=true aResultDetail=0
00:00:08.223990 nspr-4   WARNING [COM]: aRC=NS_ERROR_FAILURE (0x80004005) aIID={e54f6256-97a7-4947-8a78-10c013ddf4b8} aComponent={HostWrap} aText={VirtualBox is not currently allowed to access USB devices.  You can change this by adding your user to the 'vboxusers' group.  Please see the user manual for a more detailed explanation}, preserve=true aResultDetail=0
00:00:08.360735 nspr-2   ERROR [COM]: aRC=VBOX_E_OBJECT_NOT_FOUND (0x80bb0001) aIID={ad47ad09-787b-44ab-b343-a082a3f2dfb1} aComponent={MediumWrap} aText={Property 'CRYPT/KeyId' does not exist}, preserve=false aResultDetail=0
00:00:08.361949 nspr-2   ERROR [COM]: aRC=VBOX_E_OBJECT_NOT_FOUND (0x80bb0001) aIID={ad47ad09-787b-44ab-b343-a082a3f2dfb1} aComponent={MediumWrap} aText={Property 'CRYPT/KeyId' does not exist}, preserve=false aResultDetail=0
00:00:08.390848 nspr-6   WARNING [COM]: aRC=NS_ERROR_FAILURE (0x80004005) aIID={e54f6256-97a7-4947-8a78-10c013ddf4b8} aComponent={HostWrap} aText={VirtualBox is not currently allowed to access USB devices.  You can change this by adding your user to the 'vboxusers' group.  Please see the user manual for a more detailed explanation}, preserve=true aResultDetail=0
00:00:08.408680 nspr-2   ERROR [COM]: aRC=VBOX_E_INVALID_VM_STATE (0x80bb0002) aIID={300763af-5d6b-46e6-aa96-273eac15538a} aComponent={MachineWrap} aText={The machine is not mutable (state is Running)}, preserve=false aResultDetail=0
00:00:08.436833 nspr-5   WARNING [COM]: aRC=NS_ERROR_FAILURE (0x80004005) aIID={e54f6256-97a7-4947-8a78-10c013ddf4b8} aComponent={HostWrap} aText={VirtualBox is not currently allowed to access USB devices.  You can change this by adding your user to the 'vboxusers' group.  Please see the user manual for a more detailed explanation}, preserve=true aResultDetail=0
00:00:08.437814 nspr-8   WARNING [COM]: aRC=NS_ERROR_FAILURE (0x80004005) aIID={e54f6256-97a7-4947-8a78-10c013ddf4b8} aComponent={HostWrap} aText={VirtualBox is not currently allowed to access USB devices.  You can change this by adding your user to the 'vboxusers' group.  Please see the user manual for a more detailed explanation}, preserve=true aResultDetail=0
00:00:08.496323 nspr-5   Saving settings file "/home/tf/.config/VirtualBox/VirtualBox.xml" with version "1.12-linux"
00:00:08.510344 nspr-5   Finished saving settings file "/home/tf/.config/VirtualBox/VirtualBox.xml"
00:00:24.145847 nspr-8   WARNING [COM]: aRC=NS_ERROR_FAILURE (0x80004005) aIID={e54f6256-97a7-4947-8a78-10c013ddf4b8} aComponent={HostWrap} aText={VirtualBox is not currently allowed to access USB devices.  You can change this by adding your user to the 'vboxusers' group.  Please see the user manual for a more detailed explanation}, preserve=true aResultDetail=0
00:00:24.146666 nspr-8   WARNING [COM]: aRC=NS_ERROR_FAILURE (0x80004005) aIID={e54f6256-97a7-4947-8a78-10c013ddf4b8} aComponent={HostWrap} aText={VirtualBox is not currently allowed to access USB devices.  You can change this by adding your user to the 'vboxusers' group.  Please see the user manual for a more detailed explanation}, preserve=true aResultDetail=0
00:00:24.165052 nspr-8   ERROR [COM]: aRC=VBOX_E_IPRT_ERROR (0x80bb0005) aIID={300763af-5d6b-46e6-aa96-273eac15538a} aComponent={SessionMachine} aText={Saved screenshot data is not available (VERR_NOT_SUPPORTED)}, preserve=false aResultDetail=-37
00:00:24.186086 nspr-2   WARNING [COM]: aRC=NS_ERROR_FAILURE (0x80004005) aIID={e54f6256-97a7-4947-8a78-10c013ddf4b8} aComponent={HostWrap} aText={VirtualBox is not currently allowed to access USB devices.  You can change this by adding your user to the 'vboxusers' group.  Please see the user manual for a more detailed explanation}, preserve=true aResultDetail=0
00:00:24.186827 nspr-2   WARNING [COM]: aRC=NS_ERROR_FAILURE (0x80004005) aIID={e54f6256-97a7-4947-8a78-10c013ddf4b8} aComponent={HostWrap} aText={VirtualBox is not currently allowed to access USB devices.  You can change this by adding your user to the 'vboxusers' group.  Please see the user manual for a more detailed explanation}, preserve=true aResultDetail=0
00:00:24.191860 nspr-3   Saving settings file "/home/tf/VirtualBox VMs/gentoo/gentoo.vbox" with version "1.19-linux"
00:00:24.210708 nspr-3   Finished saving settings file "/home/tf/VirtualBox VMs/gentoo/gentoo.vbox"
00:00:24.226035 nspr-3   ERROR [COM]: aRC=VBOX_E_INVALID_VM_STATE (0x80bb0002) aIID={300763af-5d6b-46e6-aa96-273eac15538a} aComponent={MachineWrap} aText={The machine is not mutable (state is Running)}, preserve=false aResultDetail=0
00:00:24.252584 nspr-6   WARNING [COM]: aRC=NS_ERROR_FAILURE (0x80004005) aIID={e54f6256-97a7-4947-8a78-10c013ddf4b8} aComponent={HostWrap} aText={VirtualBox is not currently allowed to access USB devices.  You can change this by adding your user to the 'vboxusers' group.  Please see the user manual for a more detailed explanation}, preserve=true aResultDetail=0
00:00:24.253497 nspr-3   WARNING [COM]: aRC=NS_ERROR_FAILURE (0x80004005) aIID={e54f6256-97a7-4947-8a78-10c013ddf4b8} aComponent={HostWrap} aText={VirtualBox is not currently allowed to access USB devices.  You can change this by adding your user to the 'vboxusers' group.  Please see the user manual for a more detailed explanation}, preserve=true aResultDetail=0
00:00:24.523689 nspr-3   Saving settings file "/home/tf/VirtualBox VMs/gentoo/gentoo.vbox" with version "1.19-linux"
00:00:24.537901 nspr-3   Finished saving settings file "/home/tf/VirtualBox VMs/gentoo/gentoo.vbox"
00:00:24.551517 nspr-2   ERROR [COM]: aRC=VBOX_E_INVALID_VM_STATE (0x80bb0002) aIID={300763af-5d6b-46e6-aa96-273eac15538a} aComponent={MachineWrap} aText={The machine is not mutable (state is Running)}, preserve=false aResultDetail=0
00:00:24.574306 nspr-5   WARNING [COM]: aRC=NS_ERROR_FAILURE (0x80004005) aIID={e54f6256-97a7-4947-8a78-10c013ddf4b8} aComponent={HostWrap} aText={VirtualBox is not currently allowed to access USB devices.  You can change this by adding your user to the 'vboxusers' group.  Please see the user manual for a more detailed explanation}, preserve=true aResultDetail=0
00:00:24.575185 nspr-7   WARNING [COM]: aRC=NS_ERROR_FAILURE (0x80004005) aIID={e54f6256-97a7-4947-8a78-10c013ddf4b8} aComponent={HostWrap} aText={VirtualBox is not currently allowed to access USB devices.  You can change this by adding your user to the 'vboxusers' group.  Please see the user manual for a more detailed explanation}, preserve=true aResultDetail=0
00:00:26.382184 nspr-7   Saving settings file "/home/tf/.config/VirtualBox/VirtualBox.xml" with version "1.12-linux"
00:00:26.396123 nspr-7   Finished saving settings file "/home/tf/.config/VirtualBox/VirtualBox.xml"
00:00:26.998026 nspr-8   Saving settings file "/home/tf/VirtualBox VMs/gentoo/gentoo.vbox" with version "1.19-linux"
00:00:27.012171 nspr-8   Finished saving settings file "/home/tf/VirtualBox VMs/gentoo/gentoo.vbox"
00:00:31.086989 nspr-7   ERROR [COM]: aRC=VBOX_E_IPRT_ERROR (0x80bb0005) aIID={300763af-5d6b-46e6-aa96-273eac15538a} aComponent={SessionMachine} aText={Saved screenshot data is not available (VERR_NOT_SUPPORTED)}, preserve=false aResultDetail=-37
00:00:31.093588 nspr-5   Saving settings file "/home/tf/VirtualBox VMs/gentoo/gentoo.vbox" with version "1.19-linux"
00:00:31.107713 nspr-5   Finished saving settings file "/home/tf/VirtualBox VMs/gentoo/gentoo.vbox"
02:08:18.900457 nspr-2   WARNING [COM]: aRC=NS_ERROR_FAILURE (0x80004005) aIID={e54f6256-97a7-4947-8a78-10c013ddf4b8} aComponent={HostWrap} aText={VirtualBox is not currently allowed to access USB devices.  You can change this by adding your user to the 'vboxusers' group.  Please see the user manual for a more detailed explanation}, preserve=true aResultDetail=0
02:08:18.903797 nspr-6   WARNING [COM]: aRC=NS_ERROR_FAILURE (0x80004005) aIID={e54f6256-97a7-4947-8a78-10c013ddf4b8} aComponent={HostWrap} aText={VirtualBox is not currently allowed to access USB devices.  You can change this by adding your user to the 'vboxusers' group.  Please see the user manual for a more detailed explanation}, preserve=true aResultDetail=0
02:08:18.935887 nspr-4   ERROR [COM]: aRC=VBOX_E_IPRT_ERROR (0x80bb0005) aIID={300763af-5d6b-46e6-aa96-273eac15538a} aComponent={SessionMachine} aText={Saved screenshot data is not available (VERR_NOT_SUPPORTED)}, preserve=false aResultDetail=-37
02:08:18.970600 nspr-2   WARNING [COM]: aRC=NS_ERROR_FAILURE (0x80004005) aIID={e54f6256-97a7-4947-8a78-10c013ddf4b8} aComponent={HostWrap} aText={VirtualBox is not currently allowed to access USB devices.  You can change this by adding your user to the 'vboxusers' group.  Please see the user manual for a more detailed explanation}, preserve=true aResultDetail=0
02:08:18.971920 nspr-6   WARNING [COM]: aRC=NS_ERROR_FAILURE (0x80004005) aIID={e54f6256-97a7-4947-8a78-10c013ddf4b8} aComponent={HostWrap} aText={VirtualBox is not currently allowed to access USB devices.  You can change this by adding your user to the 'vboxusers' group.  Please see the user manual for a more detailed explanation}, preserve=true aResultDetail=0
02:08:18.982001 nspr-4   Saving settings file "/home/tf/VirtualBox VMs/gentoo/gentoo.vbox" with version "1.19-linux"
02:08:18.996413 nspr-4   Finished saving settings file "/home/tf/VirtualBox VMs/gentoo/gentoo.vbox"
02:08:27.620581 nspr-5   Saving settings file "/home/tf/VirtualBox VMs/gentoo/gentoo.vbox" with version "1.19-linux"
02:08:27.635930 nspr-5   Finished saving settings file "/home/tf/VirtualBox VMs/gentoo/gentoo.vbox"
02:08:52.355736 nspr-6   Saving settings file "/home/tf/VirtualBox VMs/gentoo/gentoo.vbox" with version "1.19-linux"
02:08:52.371299 nspr-6   Finished saving settings file "/home/tf/VirtualBox VMs/gentoo/gentoo.vbox"
02:08:52.538334 nspr-5   Saving settings file "/home/tf/VirtualBox VMs/gentoo/gentoo.vbox" with version "1.19-linux"
02:08:52.554364 nspr-5   Finished saving settings file "/home/tf/VirtualBox VMs/gentoo/gentoo.vbox"
02:08:58.484336 dns-monitor NAT: resolv.conf: nameserver 2400:1a00:0:32::165
02:08:58.484358 dns-monitor NAT: resolv.conf: nameserver 2400:1a00:8000:4::73
02:08:58.484363 dns-monitor NAT: resolv.conf: nameserver 192.168.1.254
02:08:58.484377 dns-monitor HostDnsMonitor: updating information
02:08:58.484404 dns-monitor HostDnsMonitor: old information
02:08:58.484408 dns-monitor   server 1: 192.168.1.254
02:08:58.484412 dns-monitor   server 2: 2400:1a00:0:32::165
02:08:58.484416 dns-monitor   server 3: 2400:1a00:8000:4::73
02:08:58.484419 dns-monitor   domain: worldlink.com.np
02:08:58.484423 dns-monitor   search string 1: worldlink.com.np
02:08:58.484426 dns-monitor HostDnsMonitor: new information
02:08:58.484429 dns-monitor   server 1: 2400:1a00:0:32::165
02:08:58.484432 dns-monitor   server 2: 2400:1a00:8000:4::73
02:08:58.484436 dns-monitor   server 3: 192.168.1.254
02:08:58.484439 dns-monitor   domain: worldlink.com.np
02:08:58.484442 dns-monitor   search string 1: worldlink.com.np
02:08:58.492171 dns-monitor NAT: resolv.conf: nameserver 192.168.1.254
02:08:58.492208 dns-monitor HostDnsMonitor: updating information
02:08:58.492218 dns-monitor HostDnsMonitor: old information
02:08:58.492226 dns-monitor   server 1: 2400:1a00:0:32::165
02:08:58.492236 dns-monitor   server 2: 2400:1a00:8000:4::73
02:08:58.492243 dns-monitor   server 3: 192.168.1.254
02:08:58.492251 dns-monitor   domain: worldlink.com.np
02:08:58.492259 dns-monitor   search string 1: worldlink.com.np
02:08:58.492268 dns-monitor HostDnsMonitor: new information
02:08:58.492274 dns-monitor   server 1: 192.168.1.254
02:08:58.492282 dns-monitor   no domain set
02:08:58.492289 dns-monitor   no search string entries
02:08:58.553289 main     VirtualBox: object deletion starts
02:08:58.553330 main     ERROR [COM]: aRC=VBOX_E_OBJECT_IN_USE (0x80bb000c) aIID={ad47ad09-787b-44ab-b343-a082a3f2dfb1} aComponent={MediumWrap} aText={Medium '/home/tf/VirtualBox VMs/gentoo/gentoo.vdi' cannot be closed because it is still attached to 1 virtual machines}, preserve=false aResultDetail=0
02:08:58.554155 main     HostDnsMonitor: shutting down ...
02:08:58.554505 main     HostDnsMonitor: shut down
02:08:58.565744 Watcher  ERROR [COM]: aRC=E_ACCESSDENIED (0x80070005) aIID={7682d5eb-f00e-44f1-8ca2-99d08b1cd607} aComponent={VirtualBoxWrap} aText={The object is not ready}, preserve=false aResultDetail=0
02:08:58.565862 main     VirtualBox: object deleted
